<?xml version="1.0" encoding="UTF-8"?>
<testsuite xmlns:xsi="http://www.w3.org/2001/XMLSchema-instance" xsi:noNamespaceSchemaLocation="https://maven.apache.org/surefire/maven-surefire-plugin/xsd/surefire-test-report-3.0.xsd" version="3.0" name="runners.TestRunner" time="2.688" tests="3" errors="0" skipped="0" failures="0">
  <properties>
[...]
</properties>
  <testcase name="Hello world" classname="this is first feature" time="1.929">
    <system-out><![CDATA[
Scenario: Hello world  &amp#27;[90m# features/First.feature:4&amp#27;[0m
{
    "userId": 1,
    "id": 1,
    "title": "sunt aut facere repellat provident occaecati excepturi optio reprehenderit",
    "body": "quia et suscipit\nsuscipit recusandae consequuntur expedita et cum\nreprehenderit molestiae ut ut quas totam\nnostrum rerum est autem sunt rem eveniet architecto"
}
  &amp#27;[32mGiven &amp#27;[0m&amp#27;[32mI test the API&amp#27;[0m &amp#27;[90m# stepdefinitions.MySteps.i_test_the_api()&amp#27;[0m
]]></system-out>
  </testcase>
  <testcase name="what are you doing" classname="this is first feature" time="0.081">
    <system-out><![CDATA[
Scenario: what are you doing &amp#27;[90m# features/First.feature:9&amp#27;[0m
{
    "userId": 1,
    "id": 1,
    "title": "sunt aut facere repellat provident occaecati excepturi optio reprehenderit",
    "body": "quia et suscipit\nsuscipit recusandae consequuntur expedita et cum\nreprehenderit molestiae ut ut quas totam\nnostrum rerum est autem sunt rem eveniet architecto"
}
  &amp#27;[32mGiven &amp#27;[0m&amp#27;[32mI test the API2&amp#27;[0m      &amp#27;[90m# stepdefinitions.MySteps.i_test_the_api2()&amp#27;[0m
]]></system-out>
  </testcase>
  <testcase name="is it changing" classname="feature name is this" time="0.189">
    <system-out><![CDATA[
Scenario: is it changing &amp#27;[90m# features/sample1.feature:4&amp#27;[0m
{
    "userId": 1,
    "id": 1,
    "title": "sunt aut facere repellat provident occaecati excepturi optio reprehenderit",
    "body": "quia et suscipit\nsuscipit recusandae consequuntur expedita et cum\nreprehenderit molestiae ut ut quas totam\nnostrum rerum est autem sunt rem eveniet architecto"
}
  &amp#27;[32mGiven &amp#27;[0m&amp#27;[32mI test the API&amp#27;[0m   &amp#27;[90m# stepdefinitions.MySteps.i_test_the_api()&amp#27;[0m
{
    "userId": 1,
    "id": 1,
    "title": "sunt aut facere repellat provident occaecati excepturi optio reprehenderit",
    "body": "quia et suscipit\nsuscipit recusandae consequuntur expedita et cum\nreprehenderit molestiae ut ut quas totam\nnostrum rerum est autem sunt rem eveniet architecto"
}
  &amp#27;[32mGiven &amp#27;[0m&amp#27;[32mI test the API&amp#27;[0m   &amp#27;[90m# stepdefinitions.MySteps.i_test_the_api()&amp#27;[0m
{
    "userId": 1,
    "id": 1,
    "title": "sunt aut facere repellat provident occaecati excepturi optio reprehenderit",
    "body": "quia et suscipit\nsuscipit recusandae consequuntur expedita et cum\nreprehenderit molestiae ut ut quas totam\nnostrum rerum est autem sunt rem eveniet architecto"
}
  &amp#27;[32mGiven &amp#27;[0m&amp#27;[32mI test the API&amp#27;[0m   &amp#27;[90m# stepdefinitions.MySteps.i_test_the_api()&amp#27;[0m
]]></system-out>
  </testcase>
</testsuite>